This is XeTeX, Version 3.1415926-2.5-0.9999.3 (TeX Live 2013) (format=xelatex 2013.11.24)  6 MAY 2014 23:47
entering extended mode
 restricted \write18 enabled.
 %&-line parsing enabled.
**xelatexmoden.tex
(./xelatexmoden.tex
LaTeX2e <2011/06/27>
Babel <3.9g> and hyphenation patterns for 78 languages loaded.
(/usr/local/texlive/2013/texmf-dist/tex/latex/base/article.cls
Document Class: article 2007/10/19 v1.4h Standard LaTeX document class
(/usr/local/texlive/2013/texmf-dist/tex/latex/base/size12.clo
File: size12.clo 2007/10/19 v1.4h Standard LaTeX file (size option)
)
\c@part=\count80
\c@section=\count81
\c@subsection=\count82
\c@subsubsection=\count83
\c@paragraph=\count84
\c@subparagraph=\count85
\c@figure=\count86
\c@table=\count87
\abovecaptionskip=\skip41
\belowcaptionskip=\skip42
\bibindent=\dimen102
)
(/usr/local/texlive/2013/texmf-dist/tex/latex/geometry/geometry.sty
Package: geometry 2010/09/12 v5.6 Page Geometry

(/usr/local/texlive/2013/texmf-dist/tex/latex/graphics/keyval.sty
Package: keyval 1999/03/16 v1.13 key=value parser (DPC)
\KV@toks@=\toks14
)
(/usr/local/texlive/2013/texmf-dist/tex/generic/oberdiek/ifpdf.sty
Package: ifpdf 2011/01/30 v2.3 Provides the ifpdf switch (HO)
Package ifpdf Info: pdfTeX in PDF mode is not detected.
)
(/usr/local/texlive/2013/texmf-dist/tex/generic/oberdiek/ifvtex.sty
Package: ifvtex 2010/03/01 v1.5 Detect VTeX and its facilities (HO)
Package ifvtex Info: VTeX not detected.
)
(/usr/local/texlive/2013/texmf-dist/tex/generic/ifxetex/ifxetex.sty
Package: ifxetex 2010/09/12 v0.6 Provides ifxetex conditional
)
\Gm@cnth=\count88
\Gm@cntv=\count89
\c@Gm@tempcnt=\count90
\Gm@bindingoffset=\dimen103
\Gm@wd@mp=\dimen104
\Gm@odd@mp=\dimen105
\Gm@even@mp=\dimen106
\Gm@layoutwidth=\dimen107
\Gm@layoutheight=\dimen108
\Gm@layouthoffset=\dimen109
\Gm@layoutvoffset=\dimen110
\Gm@dimlist=\toks15
)
(/usr/local/texlive/2013/texmf-dist/tex/latex/fontspec/fontspec.sty
Package: fontspec 2013/05/20 v2.3c Font selection for XeLaTeX and LuaLaTeX

(/usr/local/texlive/2013/texmf-dist/tex/latex/l3kernel/expl3.sty
(/usr/local/texlive/2013/texmf-dist/tex/latex/l3kernel/l3names.sty
(/usr/local/texlive/2013/texmf-dist/tex/latex/l3kernel/l3bootstrap.sty
Package: l3bootstrap 2013/07/28 v4581 L3 Experimental bootstrap code
)
Package: l3names 2012/12/07 v4346 L3 Namespace for primitives
)
(/usr/local/texlive/2013/texmf-dist/tex/latex/etex-pkg/etex.sty
Package: etex 1998/03/26 v2.0 eTeX basic definition package (PEB)
\et@xins=\count91
)
Package: expl3 2013/11/19 v4610 L3 Experimental code bundle wrapper

(/usr/local/texlive/2013/texmf-dist/tex/latex/l3kernel/l3basics.sty
Package: l3basics 2013/07/28 v4581 L3 Basic definitions
)
(/usr/local/texlive/2013/texmf-dist/tex/latex/l3kernel/l3expan.sty
Package: l3expan 2013/08/17 v4584 L3 Argument expansion
)
(/usr/local/texlive/2013/texmf-dist/tex/latex/l3kernel/l3tl.sty
Package: l3tl 2013/09/16 v4592 L3 Token lists
)
(/usr/local/texlive/2013/texmf-dist/tex/latex/l3kernel/l3seq.sty
Package: l3seq 2013/07/28 v4581 L3 Sequences and stacks
)
(/usr/local/texlive/2013/texmf-dist/tex/latex/l3kernel/l3int.sty
Package: l3int 2013/08/02 v4583 L3 Integers
\c_max_int=\count92
\l_tmpa_int=\count93
\l_tmpb_int=\count94
\g_tmpa_int=\count95
\g_tmpb_int=\count96
)
(/usr/local/texlive/2013/texmf-dist/tex/latex/l3kernel/l3quark.sty
Package: l3quark 2013/07/21 v4564 L3 Quarks
)
(/usr/local/texlive/2013/texmf-dist/tex/latex/l3kernel/l3prg.sty
Package: l3prg 2013/08/25 v4587 L3 Control structures
\g__prg_map_int=\count97
)
(/usr/local/texlive/2013/texmf-dist/tex/latex/l3kernel/l3clist.sty
Package: l3clist 2013/07/28 v4581 L3 Comma separated lists
)
(/usr/local/texlive/2013/texmf-dist/tex/latex/l3kernel/l3token.sty
Package: l3token 2013/08/25 v4587 L3 Experimental token manipulation
)
(/usr/local/texlive/2013/texmf-dist/tex/latex/l3kernel/l3prop.sty
Package: l3prop 2013/07/28 v4581 L3 Property lists
)
(/usr/local/texlive/2013/texmf-dist/tex/latex/l3kernel/l3msg.sty
Package: l3msg 2013/07/28 v4581 L3 Messages
)
(/usr/local/texlive/2013/texmf-dist/tex/latex/l3kernel/l3file.sty
Package: l3file 2013/10/13 v4596 L3 File and I/O operations
\l_iow_line_count_int=\count98
\l__iow_target_count_int=\count99
\l__iow_current_line_int=\count100
\l__iow_current_word_int=\count101
\l__iow_current_indentation_int=\count102
)
(/usr/local/texlive/2013/texmf-dist/tex/latex/l3kernel/l3skip.sty
Package: l3skip 2013/07/28 v4581 L3 Dimensions and skips
\c_zero_dim=\dimen111
\c_max_dim=\dimen112
\l_tmpa_dim=\dimen113
\l_tmpb_dim=\dimen114
\g_tmpa_dim=\dimen115
\g_tmpb_dim=\dimen116
\c_zero_skip=\skip43
\c_max_skip=\skip44
\l_tmpa_skip=\skip45
\l_tmpb_skip=\skip46
\g_tmpa_skip=\skip47
\g_tmpb_skip=\skip48
\c_zero_muskip=\muskip10
\c_max_muskip=\muskip11
\l_tmpa_muskip=\muskip12
\l_tmpb_muskip=\muskip13
\g_tmpa_muskip=\muskip14
\g_tmpb_muskip=\muskip15
)
(/usr/local/texlive/2013/texmf-dist/tex/latex/l3kernel/l3keys.sty
Package: l3keys 2013/07/28 v4581 L3 Experimental key-value interfaces
\g__keyval_level_int=\count103
\l_keys_choice_int=\count104
)
(/usr/local/texlive/2013/texmf-dist/tex/latex/l3kernel/l3fp.sty
Package: l3fp 2013/11/18 v4601 L3 Floating points
\c__fp_leading_shift_int=\count105
\c__fp_middle_shift_int=\count106
\c__fp_trailing_shift_int=\count107
\c__fp_big_leading_shift_int=\count108
\c__fp_big_middle_shift_int=\count109
\c__fp_big_trailing_shift_int=\count110
\c__fp_Bigg_leading_shift_int=\count111
\c__fp_Bigg_middle_shift_int=\count112
\c__fp_Bigg_trailing_shift_int=\count113
)
(/usr/local/texlive/2013/texmf-dist/tex/latex/l3kernel/l3box.sty
Package: l3box 2013/07/28 v4581 L3 Experimental boxes
\c_empty_box=\box26
\l_tmpa_box=\box27
\l_tmpb_box=\box28
\g_tmpa_box=\box29
\g_tmpb_box=\box30
)
(/usr/local/texlive/2013/texmf-dist/tex/latex/l3kernel/l3coffins.sty
Package: l3coffins 2012/09/09 v4212 L3 Coffin code layer
\l__coffin_internal_box=\box31
\l__coffin_internal_dim=\dimen117
\l__coffin_offset_x_dim=\dimen118
\l__coffin_offset_y_dim=\dimen119
\l__coffin_x_dim=\dimen120
\l__coffin_y_dim=\dimen121
\l__coffin_x_prime_dim=\dimen122
\l__coffin_y_prime_dim=\dimen123
\c_empty_coffin=\box32
\l__coffin_aligned_coffin=\box33
\l__coffin_aligned_internal_coffin=\box34
\l_tmpa_coffin=\box35
\l_tmpb_coffin=\box36
\l__coffin_display_coffin=\box37
\l__coffin_display_coord_coffin=\box38
\l__coffin_display_pole_coffin=\box39
\l__coffin_display_offset_dim=\dimen124
\l__coffin_display_x_dim=\dimen125
\l__coffin_display_y_dim=\dimen126
)
(/usr/local/texlive/2013/texmf-dist/tex/latex/l3kernel/l3color.sty
Package: l3color 2012/08/29 v4156 L3 Experimental color support
)
(/usr/local/texlive/2013/texmf-dist/tex/latex/l3kernel/l3luatex.sty
Package: l3luatex 2013/07/28 v4581 L3 Experimental LuaTeX-specific functions
\g__cctab_allocate_int=\count114
\g__cctab_stack_int=\count115
)
(/usr/local/texlive/2013/texmf-dist/tex/latex/l3kernel/l3candidates.sty
Package: l3candidates 2013/11/18 v4602 L3 Experimental additions to l3kernel
\l__box_top_dim=\dimen127
\l__box_bottom_dim=\dimen128
\l__box_left_dim=\dimen129
\l__box_right_dim=\dimen130
\l__box_top_new_dim=\dimen131
\l__box_bottom_new_dim=\dimen132
\l__box_left_new_dim=\dimen133
\l__box_right_new_dim=\dimen134
\l__box_internal_box=\box40
\l__coffin_bounding_shift_dim=\dimen135
\l__coffin_left_corner_dim=\dimen136
\l__coffin_right_corner_dim=\dimen137
\l__coffin_bottom_corner_dim=\dimen138
\l__coffin_top_corner_dim=\dimen139
\l__coffin_scaled_total_height_dim=\dimen140
\l__coffin_scaled_width_dim=\dimen141
))
(/usr/local/texlive/2013/texmf-dist/tex/latex/l3packages/xparse/xparse.sty
Package: xparse 2013/11/19 v4609 L3 Experimental document command parser
\l__xparse_current_arg_int=\count116
\l__xparse_m_args_int=\count117
\l__xparse_mandatory_args_int=\count118
\l__xparse_processor_int=\count119
\l__xparse_v_nesting_int=\count120
)
\l_fontspec_script_int=\count121
\l_fontspec_language_int=\count122
\l_fontspec_strnum_int=\count123
\l_fontspec_tmpa_dim=\dimen142
\l_fontspec_tmpb_dim=\dimen143
\l_fontspec_tmpc_dim=\dimen144
Variant \tl_gset:cV already defined; not changing it on line 69

(/usr/local/texlive/2013/texmf-dist/tex/latex/fontspec/fontspec-patches.sty
Package: fontspec-patches 2013/05/20 v2.3c Font selection for XeLaTeX and LuaLa
TeX

(/usr/local/texlive/2013/texmf-dist/tex/latex/base/fixltx2e.sty
Package: fixltx2e 2006/09/13 v1.1m fixes to LaTeX
LaTeX Info: Redefining \em on input line 420.
)
LaTeX Info: Redefining \em on input line 22.
LaTeX Info: Redefining \emph on input line 30.
LaTeX Info: Redefining \- on input line 33.

*************************************************
* LaTeX warning: "xparse/redefine-command"
* 
* Redefining document command \oldstylenums with arg. spec. 'm' on line 128.
*************************************************
.................................................
. LaTeX info: "xparse/define-command"
. 
. Defining document command \liningnums with arg. spec. 'm' on line 132.
.................................................
) (/usr/local/texlive/2013/texmf-dist/tex/latex/fontspec/fontspec-xetex.sty
Package: fontspec-xetex 2013/05/20 v2.3c Font selection for XeLaTeX and LuaLaTe
X

(/usr/local/texlive/2013/texmf-dist/tex/latex/base/fontenc.sty
Package: fontenc 2005/09/27 v1.99g Standard LaTeX package

(/usr/local/texlive/2013/texmf-dist/tex/latex/euenc/eu1enc.def
File: eu1enc.def 2010/05/27 v0.1h Experimental Unicode font encodings
)
LaTeX Font Info:    Try loading font information for EU1+lmr on input line 100.


(/usr/local/texlive/2013/texmf-dist/tex/latex/euenc/eu1lmr.fd
File: eu1lmr.fd 2009/10/30 v1.6 Font defs for Latin Modern
))
(/usr/local/texlive/2013/texmf-dist/tex/xelatex/xunicode/xunicode.sty
File: xunicode.sty 2011/09/09 v0.981 provides access to latin accents and many 
other characters in Unicode lower plane

(/usr/local/texlive/2013/texmf-dist/tex/latex/tipa/t3enc.def
File: t3enc.def 2001/12/31 T3 encoding
LaTeX Font Info:    Try loading font information for EU1+lmss on input line 357
.

(/usr/local/texlive/2013/texmf-dist/tex/latex/euenc/eu1lmss.fd
File: eu1lmss.fd 2009/10/30 v1.6 Font defs for Latin Modern
))
\tipaTiiicode=\count124
\tipasavetokens=\toks16
\tipachecktokens=\toks17

(/usr/local/texlive/2013/texmf-dist/tex/latex/graphics/graphicx.sty
Package: graphicx 1999/02/16 v1.0f Enhanced LaTeX Graphics (DPC,SPQR)

(/usr/local/texlive/2013/texmf-dist/tex/latex/graphics/graphics.sty
Package: graphics 2009/02/05 v1.0o Standard LaTeX Graphics (DPC,SPQR)

(/usr/local/texlive/2013/texmf-dist/tex/latex/graphics/trig.sty
Package: trig 1999/03/16 v1.09 sin cos tan (DPC)
)
(/usr/local/texlive/2013/texmf-dist/tex/latex/latexconfig/graphics.cfg
File: graphics.cfg 2010/04/23 v1.9 graphics configuration of TeX Live
)
Package graphics Info: Driver file: xetex.def on input line 91.

(/usr/local/texlive/2013/texmf-dist/tex/xelatex/xetex-def/xetex.def
File: xetex.def 2013/04/29 v0.96 LaTeX color/graphics driver for XeTeX (RRM/JK)

))
\Gin@req@height=\dimen145
\Gin@req@width=\dimen146
))
.................................................
. LaTeX info: "xparse/define-command"
. 
. Defining document command \fontspec with arg. spec. 'O{}m' on line 41.
.................................................
.................................................
. LaTeX info: "xparse/define-command"
. 
. Defining document command \setmainfont with arg. spec. 'O{}m' on line 46.
.................................................
.................................................
. LaTeX info: "xparse/define-command"
. 
. Defining document command \setsansfont with arg. spec. 'O{}m' on line 51.
.................................................
.................................................
. LaTeX info: "xparse/define-command"
. 
. Defining document command \setmonofont with arg. spec. 'O{}m' on line 56.
.................................................
.................................................
. LaTeX info: "xparse/define-command"
. 
. Defining document command \setmathrm with arg. spec. 'O{}m' on line 65.
.................................................
.................................................
. LaTeX info: "xparse/define-command"
. 
. Defining document command \setboldmathrm with arg. spec. 'O{}m' on line 69.
.................................................
.................................................
. LaTeX info: "xparse/define-command"
. 
. Defining document command \setmathsf with arg. spec. 'O{}m' on line 73.
.................................................
.................................................
. LaTeX info: "xparse/define-command"
. 
. Defining document command \setmathtt with arg. spec. 'O{}m' on line 77.
.................................................
.................................................
. LaTeX info: "xparse/define-command"
. 
. Defining document command \newfontfamily with arg. spec. 'mO{}m' on line 96.
.................................................
.................................................
. LaTeX info: "xparse/define-command"
. 
. Defining document command \newfontface with arg. spec. 'mO{}m' on line 100.
.................................................
.................................................
. LaTeX info: "xparse/define-command"
. 
. Defining document command \defaultfontfeatures with arg. spec. 'om' on line
. 108.
.................................................
.................................................
. LaTeX info: "xparse/define-command"
. 
. Defining document command \addfontfeatures with arg. spec. 'm' on line 144.
.................................................
.................................................
. LaTeX info: "xparse/define-command"
. 
. Defining document command \newfontfeature with arg. spec. 'mm' on line 156.
.................................................
.................................................
. LaTeX info: "xparse/define-command"
. 
. Defining document command \newAATfeature with arg. spec. 'mmmm' on line 164.
.................................................
.................................................
. LaTeX info: "xparse/define-command"
. 
. Defining document command \newICUfeature with arg. spec. 'mmm' on line 172.
.................................................
.................................................
. LaTeX info: "xparse/define-command"
. 
. Defining document command \aliasfontfeature with arg. spec. 'mm' on line
. 201.
.................................................
.................................................
. LaTeX info: "xparse/define-command"
. 
. Defining document command \aliasfontfeatureoption with arg. spec. 'mmm' on
. line 203.
.................................................
.................................................
. LaTeX info: "xparse/define-command"
. 
. Defining document command \newfontscript with arg. spec. 'mm' on line 208.
.................................................
.................................................
. LaTeX info: "xparse/define-command"
. 
. Defining document command \newfontlanguage with arg. spec. 'mm' on line 235.
.................................................
.................................................
. LaTeX info: "xparse/define-command"
. 
. Defining document command \DeclareFontsExtensions with arg. spec. 'm' on
. line 256.
.................................................
Variant \prop_gput:cnV already defined; not changing it on line 582
Variant \prop_gput:cnx already defined; not changing it on line 583
\l_fontspec_tmp_int=\count125
LaTeX Info: Redefining \itshape on input line 2087.
LaTeX Info: Redefining \slshape on input line 2092.
LaTeX Info: Redefining \scshape on input line 2097.
LaTeX Info: Redefining \upshape on input line 2102.

(/usr/local/texlive/2013/texmf-dist/tex/latex/fontspec/fontspec.cfg)))
(/usr/local/texlive/2013/texmf-dist/tex/latex/xltxtra/xltxtra.sty
Package: xltxtra 2010/09/20 v0.5e Improvements for the "XeLaTeX" format

(/usr/local/texlive/2013/texmf-dist/tex/generic/oberdiek/ifluatex.sty
Package: ifluatex 2010/03/01 v1.3 Provides the ifluatex switch (HO)
Package ifluatex Info: LuaTeX not detected.
)
(/usr/local/texlive/2013/texmf-dist/tex/latex/realscripts/realscripts.sty
Package: realscripts 2013/03/18 v0.3c Access OpenType subscripts and superscrip
ts
.................................................
. LaTeX info: "xparse/define-command"
. 
. Defining document command \fakesubscript with arg. spec. 'm' on line 19.
.................................................
.................................................
. LaTeX info: "xparse/define-command"
. 
. Defining document command \fakesuperscript with arg. spec. 'm' on line 22.
.................................................

*************************************************
* LaTeX warning: "xparse/redefine-command"
* 
* Redefining document command \textsubscript with arg. spec. 's' on line 25.
*************************************************
*************************************************
* LaTeX warning: "xparse/redefine-command"
* 
* Redefining document command \textsuperscript with arg. spec. 's' on line 28.
*************************************************
.................................................
. LaTeX info: "xparse/define-command"
. 
. Defining document command \realsubscript with arg. spec. 'm' on line 45.
.................................................
.................................................
. LaTeX info: "xparse/define-command"
. 
. Defining document command \realsuperscript with arg. spec. 'm' on line 60.
.................................................
.................................................
. LaTeX info: "xparse/define-command"
. 
. Defining document command \textsubsuperscript with arg. spec. 'sO{l}mm' on
. line 138.
.................................................
.................................................
. LaTeX info: "xparse/define-command"
. 
. Defining document command \textsupersubscript with arg. spec. 'sO{l}mm' on
. line 143.
.................................................
\subsupersep=\dimen147
) (/usr/local/texlive/2013/texmf-dist/tex/latex/metalogo/metalogo.sty
Package: metalogo 2010/05/29 v0.12 Extended TeX logo macros
\xl@everylogo=\toks18
\xl@@everylogo=\toks19
LaTeX Info: Redefining \TeX on input line 193.
LaTeX Info: Redefining \LaTeX on input line 202.
LaTeX Info: Redefining \LaTeXe on input line 219.
)
\xxt@tempbox=\box41
)
(/usr/local/texlive/2013/texmf-dist/tex/xetex/zhspacing/generic/zhspacing.sty
(/usr/local/texlive/2013/texmf-dist/tex/xetex/zhspacing/generic/zhsusefulmacros
.sty)
Package: zhspacing 2012/03/14

(/usr/local/texlive/2013/texmf-dist/tex/xetex/zhspacing/generic/zhsmyclass.sty
(/usr/local/texlive/2013/texmf-dist/tex/xetex/zhspacing/generic/zhsusefulmacros
.sty))
\@@interclasstoks@boundary@boundary=\toks20
\@@interclasstoks@halfwidth@boundary=\toks21
\@@interclasstoks@boundary@halfwidth=\toks22
\@@interclasstoks@halfwidth@halfwidth=\toks23
\@@interclasstoks@fullwidth@boundary=\toks24
\@@interclasstoks@boundary@fullwidth=\toks25
\@@interclasstoks@fullwidth@halfwidth=\toks26
\@@interclasstoks@halfwidth@fullwidth=\toks27
\@@interclasstoks@fullwidth@fullwidth=\toks28
\@@interclasstoks@alphanum@boundary=\toks29
\@@interclasstoks@boundary@alphanum=\toks30
\@@interclasstoks@alphanum@halfwidth=\toks31
\@@interclasstoks@halfwidth@alphanum=\toks32
\@@interclasstoks@alphanum@fullwidth=\toks33
\@@interclasstoks@fullwidth@alphanum=\toks34
\@@interclasstoks@alphanum@alphanum=\toks35
\@@interclasstoks@hanzi@boundary=\toks36
\@@interclasstoks@boundary@hanzi=\toks37
\@@interclasstoks@hanzi@halfwidth=\toks38
\@@interclasstoks@halfwidth@hanzi=\toks39
\@@interclasstoks@hanzi@fullwidth=\toks40
\@@interclasstoks@fullwidth@hanzi=\toks41
\@@interclasstoks@hanzi@alphanum=\toks42
\@@interclasstoks@alphanum@hanzi=\toks43
\@@interclasstoks@hanzi@hanzi=\toks44
\@@interclasstoks@openfw@boundary=\toks45
\@@interclasstoks@boundary@openfw=\toks46
\@@interclasstoks@openfw@halfwidth=\toks47
\@@interclasstoks@halfwidth@openfw=\toks48
\@@interclasstoks@openfw@fullwidth=\toks49
\@@interclasstoks@fullwidth@openfw=\toks50
\@@interclasstoks@openfw@alphanum=\toks51
\@@interclasstoks@alphanum@openfw=\toks52
\@@interclasstoks@openfw@hanzi=\toks53
\@@interclasstoks@hanzi@openfw=\toks54
\@@interclasstoks@openfw@openfw=\toks55
\@@interclasstoks@closefw@boundary=\toks56
\@@interclasstoks@boundary@closefw=\toks57
\@@interclasstoks@closefw@halfwidth=\toks58
\@@interclasstoks@halfwidth@closefw=\toks59
\@@interclasstoks@closefw@fullwidth=\toks60
\@@interclasstoks@fullwidth@closefw=\toks61
\@@interclasstoks@closefw@alphanum=\toks62
\@@interclasstoks@alphanum@closefw=\toks63
\@@interclasstoks@closefw@hanzi=\toks64
\@@interclasstoks@hanzi@closefw=\toks65
\@@interclasstoks@closefw@openfw=\toks66
\@@interclasstoks@openfw@closefw=\toks67
\@@interclasstoks@closefw@closefw=\toks68
\@@interclasstoks@halfstop@boundary=\toks69
\@@interclasstoks@boundary@halfstop=\toks70
\@@interclasstoks@halfstop@halfwidth=\toks71
\@@interclasstoks@halfwidth@halfstop=\toks72
\@@interclasstoks@halfstop@fullwidth=\toks73
\@@interclasstoks@fullwidth@halfstop=\toks74
\@@interclasstoks@halfstop@alphanum=\toks75
\@@interclasstoks@alphanum@halfstop=\toks76
\@@interclasstoks@halfstop@hanzi=\toks77
\@@interclasstoks@hanzi@halfstop=\toks78
\@@interclasstoks@halfstop@openfw=\toks79
\@@interclasstoks@openfw@halfstop=\toks80
\@@interclasstoks@halfstop@closefw=\toks81
\@@interclasstoks@closefw@halfstop=\toks82
\@@interclasstoks@halfstop@halfstop=\toks83
\@@interclasstoks@fullstop@boundary=\toks84
\@@interclasstoks@boundary@fullstop=\toks85
\@@interclasstoks@fullstop@halfwidth=\toks86
\@@interclasstoks@halfwidth@fullstop=\toks87
\@@interclasstoks@fullstop@fullwidth=\toks88
\@@interclasstoks@fullwidth@fullstop=\toks89
\@@interclasstoks@fullstop@alphanum=\toks90
\@@interclasstoks@alphanum@fullstop=\toks91
\@@interclasstoks@fullstop@hanzi=\toks92
\@@interclasstoks@hanzi@fullstop=\toks93
\@@interclasstoks@fullstop@openfw=\toks94
\@@interclasstoks@openfw@fullstop=\toks95
\@@interclasstoks@fullstop@closefw=\toks96
\@@interclasstoks@closefw@fullstop=\toks97
\@@interclasstoks@fullstop@halfstop=\toks98
\@@interclasstoks@halfstop@fullstop=\toks99
\@@interclasstoks@fullstop@fullstop=\toks100
\@@interclasstoks@fwpunct@boundary=\toks101
\@@interclasstoks@boundary@fwpunct=\toks102
\@@interclasstoks@fwpunct@halfwidth=\toks103
\@@interclasstoks@halfwidth@fwpunct=\toks104
\@@interclasstoks@fwpunct@fullwidth=\toks105
\@@interclasstoks@fullwidth@fwpunct=\toks106
\@@interclasstoks@fwpunct@alphanum=\toks107
\@@interclasstoks@alphanum@fwpunct=\toks108
\@@interclasstoks@fwpunct@hanzi=\toks109
\@@interclasstoks@hanzi@fwpunct=\toks110
\@@interclasstoks@fwpunct@openfw=\toks111
\@@interclasstoks@openfw@fwpunct=\toks112
\@@interclasstoks@fwpunct@closefw=\toks113
\@@interclasstoks@closefw@fwpunct=\toks114
\@@interclasstoks@fwpunct@halfstop=\toks115
\@@interclasstoks@halfstop@fwpunct=\toks116
\@@interclasstoks@fwpunct@fullstop=\toks117
\@@interclasstoks@fullstop@fwpunct=\toks118
\@@interclasstoks@fwpunct@fwpunct=\toks119
\@@interclasstoks@cjkexta@boundary=\toks120
\@@interclasstoks@boundary@cjkexta=\toks121
\@@interclasstoks@cjkexta@halfwidth=\toks122
\@@interclasstoks@halfwidth@cjkexta=\toks123
\@@interclasstoks@cjkexta@fullwidth=\toks124
\@@interclasstoks@fullwidth@cjkexta=\toks125
\@@interclasstoks@cjkexta@alphanum=\toks126
\@@interclasstoks@alphanum@cjkexta=\toks127
\@@interclasstoks@cjkexta@hanzi=\toks128
\@@interclasstoks@hanzi@cjkexta=\toks129
\@@interclasstoks@cjkexta@openfw=\toks130
\@@interclasstoks@openfw@cjkexta=\toks131
\@@interclasstoks@cjkexta@closefw=\toks132
\@@interclasstoks@closefw@cjkexta=\toks133
\@@interclasstoks@cjkexta@halfstop=\toks134
\@@interclasstoks@halfstop@cjkexta=\toks135
\@@interclasstoks@cjkexta@fullstop=\toks136
\@@interclasstoks@fullstop@cjkexta=\toks137
\@@interclasstoks@cjkexta@fwpunct=\toks138
\@@interclasstoks@fwpunct@cjkexta=\toks139
\@@interclasstoks@cjkexta@cjkexta=\toks140
\@@interclasstoks@cjkextb@boundary=\toks141
\@@interclasstoks@boundary@cjkextb=\toks142
\@@interclasstoks@cjkextb@halfwidth=\toks143
\@@interclasstoks@halfwidth@cjkextb=\toks144
\@@interclasstoks@cjkextb@fullwidth=\toks145
\@@interclasstoks@fullwidth@cjkextb=\toks146
\@@interclasstoks@cjkextb@alphanum=\toks147
\@@interclasstoks@alphanum@cjkextb=\toks148
\@@interclasstoks@cjkextb@hanzi=\toks149
\@@interclasstoks@hanzi@cjkextb=\toks150
\@@interclasstoks@cjkextb@openfw=\toks151
\@@interclasstoks@openfw@cjkextb=\toks152
\@@interclasstoks@cjkextb@closefw=\toks153
\@@interclasstoks@closefw@cjkextb=\toks154
\@@interclasstoks@cjkextb@halfstop=\toks155
\@@interclasstoks@halfstop@cjkextb=\toks156
\@@interclasstoks@cjkextb@fullstop=\toks157
\@@interclasstoks@fullstop@cjkextb=\toks158
\@@interclasstoks@cjkextb@fwpunct=\toks159
\@@interclasstoks@fwpunct@cjkextb=\toks160
\@@interclasstoks@cjkextb@cjkexta=\toks161
\@@interclasstoks@cjkexta@cjkextb=\toks162
\@@interclasstoks@cjkextb@cjkextb=\toks163
\n=\count126
\@@interclasstoks@longpunct@boundary=\toks164
\@@interclasstoks@boundary@longpunct=\toks165
\@@interclasstoks@longpunct@halfwidth=\toks166
\@@interclasstoks@halfwidth@longpunct=\toks167
\@@interclasstoks@longpunct@fullwidth=\toks168
\@@interclasstoks@fullwidth@longpunct=\toks169
\@@interclasstoks@longpunct@alphanum=\toks170
\@@interclasstoks@alphanum@longpunct=\toks171
\@@interclasstoks@longpunct@hanzi=\toks172
\@@interclasstoks@hanzi@longpunct=\toks173
\@@interclasstoks@longpunct@openfw=\toks174
\@@interclasstoks@openfw@longpunct=\toks175
\@@interclasstoks@longpunct@closefw=\toks176
\@@interclasstoks@closefw@longpunct=\toks177
\@@interclasstoks@longpunct@halfstop=\toks178
\@@interclasstoks@halfstop@longpunct=\toks179
\@@interclasstoks@longpunct@fullstop=\toks180
\@@interclasstoks@fullstop@longpunct=\toks181
\@@interclasstoks@longpunct@fwpunct=\toks182
\@@interclasstoks@fwpunct@longpunct=\toks183
\@@interclasstoks@longpunct@cjkexta=\toks184
\@@interclasstoks@cjkexta@longpunct=\toks185
\@@interclasstoks@longpunct@cjkextb=\toks186
\@@interclasstoks@cjkextb@longpunct=\toks187
\@@interclasstoks@longpunct@longpunct=\toks188
\@@interclasstoks@hwpunct@boundary=\toks189
\@@interclasstoks@boundary@hwpunct=\toks190
\@@interclasstoks@hwpunct@halfwidth=\toks191
\@@interclasstoks@halfwidth@hwpunct=\toks192
\@@interclasstoks@hwpunct@fullwidth=\toks193
\@@interclasstoks@fullwidth@hwpunct=\toks194
\@@interclasstoks@hwpunct@alphanum=\toks195
\@@interclasstoks@alphanum@hwpunct=\toks196
\@@interclasstoks@hwpunct@hanzi=\toks197
\@@interclasstoks@hanzi@hwpunct=\toks198
\@@interclasstoks@hwpunct@openfw=\toks199
\@@interclasstoks@openfw@hwpunct=\toks200
\@@interclasstoks@hwpunct@closefw=\toks201
\@@interclasstoks@closefw@hwpunct=\toks202
\@@interclasstoks@hwpunct@halfstop=\toks203
\@@interclasstoks@halfstop@hwpunct=\toks204
\@@interclasstoks@hwpunct@fullstop=\toks205
\@@interclasstoks@fullstop@hwpunct=\toks206
\@@interclasstoks@hwpunct@fwpunct=\toks207
\@@interclasstoks@fwpunct@hwpunct=\toks208
\@@interclasstoks@hwpunct@cjkexta=\toks209
\@@interclasstoks@cjkexta@hwpunct=\toks210
\@@interclasstoks@hwpunct@cjkextb=\toks211
\@@interclasstoks@cjkextb@hwpunct=\toks212
\@@interclasstoks@hwpunct@longpunct=\toks213
\@@interclasstoks@longpunct@hwpunct=\toks214
\@@interclasstoks@hwpunct@hwpunct=\toks215
\g__file_internal_ior=\read1
.................................................
. fontspec info: "no-scripts"
. 
. Font SimSun does not contain any OpenType `Script' information.
.................................................
\g_fontspec_family_SimSun_int=\count127
.................................................
. fontspec info: "no-font-shape"
. 
. Could not resolve font SimSun/I (it probably doesn't exist).
.................................................
.................................................
. fontspec info: "no-font-shape"
. 
. Could not resolve font SimHei/I (it probably doesn't exist).
.................................................
.................................................
. fontspec info: "defining-font"
. 
. Font family 'SimSun(0)' created for font 'SimSun' with options
. [BoldFont=SimHei].
. 
. This font family consists of the following shapes:
. 
. * 'normal' with NFSS spec.:
. <->"SimSun/ICU:"
. 
. * 'bold' with NFSS spec.:
. <->"SimHei/ICU:"
.................................................
.................................................
. fontspec info: "no-scripts"
. 
. Font SimSun does not contain any OpenType `Script' information.
.................................................
.................................................
. fontspec info: "no-font-shape"
. 
. Could not resolve font SimSun/B (it probably doesn't exist).
.................................................
.................................................
. fontspec info: "no-font-shape"
. 
. Could not resolve font SimSun/I (it probably doesn't exist).
.................................................
.................................................
. fontspec info: "no-font-shape"
. 
. Could not resolve font SimSun/BI (it probably doesn't exist).
.................................................
.................................................
. fontspec info: "defining-font"
. 
. Font family 'SimSun(1)' created for font 'SimSun' with options [].
. 
. This font family consists of the following shapes:
. 
. * 'normal' with NFSS spec.:
. <->"SimSun/ICU:"
.................................................
\zhs@tmpcnt=\count128
) (/usr/local/texlive/2013/texmf-dist/tex/latex/titlesec/titleps.sty
Package: titleps 2011/12/15 v1.1.0 Page styles

(/usr/local/texlive/2013/texmf-dist/tex/latex/titlesec/ttlps.def
File: ttlps.def 2011/12/15
))

! LaTeX Error: File `xecolour.sty' not found.

Type X to quit or <RETURN> to proceed,
or enter new name. (Default extension: sty)

Enter file name: 
\g_fontspec_family_Adobe Song Std_int=\count129
.................................................
. fontspec info: "no-font-shape"
. 
. Could not resolve font Adobe Heiti Std/I (it probably doesn't exist).
.................................................
.................................................
. fontspec info: "defining-font"
. 
. Font family 'AdobeSongStd(0)' created for font 'Adobe Song Std' with options
. [BoldFont=Adobe Heiti Std,ItalicFont=Adobe Kaiti Std].
. 
. This font family consists of the following shapes:
. 
. * 'normal' with NFSS spec.:
. <->"Adobe Song Std/ICU:script=latn;language=DFLT;"
. 
. * 'bold' with NFSS spec.:
. <->"Adobe Heiti Std/ICU:script=latn;language=DFLT;"
. 
. * 'italic' with NFSS spec.:
. <->"Adobe Kaiti Std/ICU:script=latn;language=DFLT;"
.................................................
\g_fontspec_family_Adobe Kaiti Std_int=\count130
.................................................
. fontspec info: "no-font-shape"
. 
. Could not resolve font Adobe Kaiti Std/I (it probably doesn't exist).
.................................................
.................................................
. fontspec info: "no-font-shape"
. 
. Could not resolve font Adobe Heiti Std/I (it probably doesn't exist).
.................................................
.................................................
. fontspec info: "defining-font"
. 
. Font family 'AdobeKaitiStd(0)' created for font 'Adobe Kaiti Std' with
. options [BoldFont=Adobe Heiti Std].
. 
. This font family consists of the following shapes:
. 
. * 'normal' with NFSS spec.:
. <->"Adobe Kaiti Std/ICU:script=latn;language=DFLT;"
. 
. * 'bold' with NFSS spec.:
. <->"Adobe Heiti Std/ICU:script=latn;language=DFLT;"
.................................................
.................................................
. fontspec info: "no-font-shape"
. 
. Could not resolve font Adobe Song Std/B (it probably doesn't exist).
.................................................
.................................................
. fontspec info: "no-font-shape"
. 
. Could not resolve font Adobe Song Std/I (it probably doesn't exist).
.................................................
.................................................
. fontspec info: "no-font-shape"
. 
. Could not resolve font Adobe Song Std/BI (it probably doesn't exist).
.................................................
.................................................
. fontspec info: "defining-font"
. 
. Font family 'AdobeSongStd(1)' created for font 'Adobe Song Std' with options
. [].
. 
. This font family consists of the following shapes:
. 
. * 'normal' with NFSS spec.:
. <->"Adobe Song Std/ICU:script=latn;language=DFLT;"
.................................................
(./xelatexmoden.aux)
\openout1 = `xelatexmoden.aux'.

LaTeX Font Info:    Checking defaults for OML/cmm/m/it on input line 15.
LaTeX Font Info:    ... okay on input line 15.
LaTeX Font Info:    Checking defaults for T1/cmr/m/n on input line 15.
LaTeX Font Info:    ... okay on input line 15.
LaTeX Font Info:    Checking defaults for OT1/cmr/m/n on input line 15.
LaTeX Font Info:    ... okay on input line 15.
LaTeX Font Info:    Checking defaults for OMS/cmsy/m/n on input line 15.
LaTeX Font Info:    ... okay on input line 15.
LaTeX Font Info:    Checking defaults for OMX/cmex/m/n on input line 15.
LaTeX Font Info:    ... okay on input line 15.
LaTeX Font Info:    Checking defaults for U/cmr/m/n on input line 15.
LaTeX Font Info:    ... okay on input line 15.
LaTeX Font Info:    Checking defaults for EU1/lmr/m/n on input line 15.
LaTeX Font Info:    ... okay on input line 15.
LaTeX Font Info:    Checking defaults for T3/cmr/m/n on input line 15.
LaTeX Font Info:    Try loading font information for T3+cmr on input line 15.

(/usr/local/texlive/2013/texmf-dist/tex/latex/tipa/t3cmr.fd
File: t3cmr.fd 2001/12/31 TIPA font definitions
)
LaTeX Font Info:    ... okay on input line 15.

*geometry* driver: auto-detecting
*geometry* detected driver: xetex
*geometry* verbose mode - [ preamble ] result:
* driver: xetex
* paper: a4paper
* layout: <same size as paper>
* layoutoffset:(h,v)=(0.0pt,0.0pt)
* modes: 
* h-part:(L,W,R)=(86.72377pt, 438.51411pt, 72.26999pt)
* v-part:(T,H,B)=(86.72377pt, 671.5993pt, 86.72377pt)
* \paperwidth=597.50787pt
* \paperheight=845.04684pt
* \textwidth=438.51411pt
* \textheight=671.5993pt
* \oddsidemargin=14.45378pt
* \evensidemargin=14.45378pt
* \topmargin=-22.54622pt
* \headheight=12.0pt
* \headsep=25.0pt
* \topskip=12.0pt
* \footskip=30.0pt
* \marginparwidth=35.0pt
* \marginparsep=10.0pt
* \columnsep=10.0pt
* \skip\footins=10.8pt plus 4.0pt minus 2.0pt
* \hoffset=0.0pt
* \voffset=0.0pt
* \mag=1000
* \@twocolumnfalse
* \@twosidefalse
* \@mparswitchfalse
* \@reversemarginfalse
* (1in=72.27pt=25.4mm, 1cm=28.453pt)


!!!!!!!!!!!!!!!!!!!!!!!!!!!!!!!!!!!!!!!!!!!!!!!!
!
! fontspec error: "font-not-found"
! 
! The font "liguofu.TTF" cannot be found.
! 
! See the fontspec documentation for further information.
! 
! For immediate help type H <return>.
!...............................................  
                                                  
l.29 {\fontspec[ExternalLocation]{liguofu.TTF}
                                              长恨歌   [白居易]}
? 
.................................................
. fontspec info: "no-scripts"
. 
. Font liguofu.TTF does not contain any OpenType `Script' information.
.................................................
\g_fontspec_family_liguofu.TTF_int=\count131

!!!!!!!!!!!!!!!!!!!!!!!!!!!!!!!!!!!!!!!!!!!!!!!!
!
! fontspec error: "font-not-found"
! 
! The font "liguofu.TTF" cannot be found.
! 
! See the fontspec documentation for further information.
! 
! For immediate help type H <return>.
!...............................................  
                                                  
l.29 {\fontspec[ExternalLocation]{liguofu.TTF}
                                              长恨歌   [白居易]}
? 
.................................................
. fontspec info: "defining-font"
. 
. Font family 'liguofu.TTF(0)' created for font 'liguofu.TTF' with options
. [ExternalLocation].
. 
. This font family consists of the following shapes:
. 
. * 'normal' with NFSS spec.:
. <->"[liguofu.TTF]/ICU:"
.................................................
! Font EU1/liguofu.TTF(0)/m/n/12=[liguofu.TTF]/ICU: at 12.0pt not loadable: Met
ric (TFM) file or installed font not found.
<to be read again> 
                   relax 
l.29 {\fontspec[ExternalLocation]{liguofu.TTF}
                                              长恨歌   [白居易]}
? 
Missing character: There is no 长 in font nullfont!
Missing character: There is no 恨 in font nullfont!
Missing character: There is no 歌 in font nullfont!
Missing character: There is no [ in font nullfont!
Missing character: There is no 白 in font nullfont!
Missing character: There is no 居 in font nullfont!
Missing character: There is no 易 in font nullfont!
Missing character: There is no ] in font nullfont!
! Undefined control sequence.
l.31 \blue
          {汉皇重色思倾国，御宇多年求不得。
? 
[1

] (./xelatexmoden.aux) ) 
Here is how much of TeX's memory you used:
 13936 strings out of 493918
 291739 string characters out of 6148598
 333584 words of memory out of 5000000
 17112 multiletter control sequences out of 15000+600000
 4058 words of font info for 30 fonts, out of 8000000 for 9000
 1144 hyphenation exceptions out of 8191
 46i,6n,45p,10426b,191s stack positions out of 5000i,500n,10000p,200000b,80000s

Output written on xelatexmoden.pdf (1 page).
